[INFO] Scanning for projects...
[INFO] 
[INFO] ----------------------< com.careerpivot:backend >-----------------------
[INFO] Building careerpivot-backend 0.0.1-SNAPSHOT
[INFO]   from pom.xml
[INFO] --------------------------------[ jar ]---------------------------------
[INFO] 
[INFO] --- clean:3.3.2:clean (default-clean) @ backend ---
[INFO] Deleting C:\Users\33656\Documents\Workspace\CareerPivot\backend\target
[INFO] 
[INFO] --- resources:3.3.1:resources (default-resources) @ backend ---
[INFO] Copying 1 resource from src\main\resources to target\classes
[INFO] Copying 0 resource from src\main\resources to target\classes
[INFO] 
[INFO] --- compiler:3.11.0:compile (default-compile) @ backend ---
[INFO] Changes detected - recompiling the module! :source
[INFO] Compiling 13 source files with javac [debug release 17] to target\classes
[INFO] -------------------------------------------------------------
[ERROR] COMPILATION ERROR : 
[INFO] -------------------------------------------------------------
[ERROR] /C:/Users/33656/Documents/Workspace/CareerPivot/backend/src/main/java/com/careerpivot/backend/config/SecurityConfig.java:[24,43] variable jwtAuthFilter not initialized in the default constructor
[ERROR] /C:/Users/33656/Documents/Workspace/CareerPivot/backend/src/main/java/com/careerpivot/backend/config/SecurityConfig.java:[25,42] variable authenticationProvider not initialized in the default constructor
[ERROR] /C:/Users/33656/Documents/Workspace/CareerPivot/backend/src/main/java/com/careerpivot/backend/auth/service/AuthenticationService.java:[25,24] cannot find symbol
  symbol:   method builder()
  location: class com.careerpivot.backend.auth.domain.User
[ERROR] /C:/Users/33656/Documents/Workspace/CareerPivot/backend/src/main/java/com/careerpivot/backend/auth/service/AuthenticationService.java:[26,35] cannot find symbol
  symbol:   method getFirstname()
  location: variable request of type com.careerpivot.backend.auth.web.RegisterRequest
[ERROR] /C:/Users/33656/Documents/Workspace/CareerPivot/backend/src/main/java/com/careerpivot/backend/auth/service/AuthenticationService.java:[27,34] cannot find symbol
  symbol:   method getLastname()
  location: variable request of type com.careerpivot.backend.auth.web.RegisterRequest
[ERROR] /C:/Users/33656/Documents/Workspace/CareerPivot/backend/src/main/java/com/careerpivot/backend/auth/service/AuthenticationService.java:[28,31] cannot find symbol
  symbol:   method getEmail()
  location: variable request of type com.careerpivot.backend.auth.web.RegisterRequest
[ERROR] /C:/Users/33656/Documents/Workspace/CareerPivot/backend/src/main/java/com/careerpivot/backend/auth/service/AuthenticationService.java:[29,57] cannot find symbol
  symbol:   method getPassword()
  location: variable request of type com.careerpivot.backend.auth.web.RegisterRequest
[ERROR] /C:/Users/33656/Documents/Workspace/CareerPivot/backend/src/main/java/com/careerpivot/backend/auth/service/AuthenticationService.java:[34,38] cannot find symbol
  symbol:   method builder()
  location: class com.careerpivot.backend.auth.web.AuthenticationResponse
[ERROR] /C:/Users/33656/Documents/Workspace/CareerPivot/backend/src/main/java/com/careerpivot/backend/auth/service/AuthenticationService.java:[42,32] cannot find symbol
  symbol:   method getEmail()
  location: variable request of type com.careerpivot.backend.auth.web.AuthenticationRequest
[ERROR] /C:/Users/33656/Documents/Workspace/CareerPivot/backend/src/main/java/com/careerpivot/backend/auth/service/AuthenticationService.java:[43,32] cannot find symbol
  symbol:   method getPassword()
  location: variable request of type com.careerpivot.backend.auth.web.AuthenticationRequest
[ERROR] /C:/Users/33656/Documents/Workspace/CareerPivot/backend/src/main/java/com/careerpivot/backend/auth/service/AuthenticationService.java:[44,50] cannot find symbol
  symbol:   method getEmail()
  location: variable request of type com.careerpivot.backend.auth.web.AuthenticationRequest
[ERROR] /C:/Users/33656/Documents/Workspace/CareerPivot/backend/src/main/java/com/careerpivot/backend/auth/service/AuthenticationService.java:[47,38] cannot find symbol
  symbol:   method builder()
  location: class com.careerpivot.backend.auth.web.AuthenticationResponse
[INFO] 12 errors 
[INFO] -------------------------------------------------------------
[INFO] ------------------------------------------------------------------------
[INFO] BUILD FAILURE
[INFO] ------------------------------------------------------------------------
[INFO] Total time:  3.013 s
[INFO] Finished at: 2025-12-22T11:05:24+01:00
[INFO] ------------------------------------------------------------------------
[ERROR] Failed to execute goal org.apache.maven.plugins:maven-compiler-plugin:3.11.0:compile (default-compile) on project backend: Compilation failure: Compilation failure: 
[ERROR] /C:/Users/33656/Documents/Workspace/CareerPivot/backend/src/main/java/com/careerpivot/backend/config/SecurityConfig.java:[24,43] variable jwtAuthFilter not initialized in the default constructor
[ERROR] /C:/Users/33656/Documents/Workspace/CareerPivot/backend/src/main/java/com/careerpivot/backend/config/SecurityConfig.java:[25,42] variable authenticationProvider not initialized in the default constructor
[ERROR] /C:/Users/33656/Documents/Workspace/CareerPivot/backend/src/main/java/com/careerpivot/backend/auth/service/AuthenticationService.java:[25,24] cannot find symbol
[ERROR]   symbol:   method builder()
[ERROR]   location: class com.careerpivot.backend.auth.domain.User
[ERROR] /C:/Users/33656/Documents/Workspace/CareerPivot/backend/src/main/java/com/careerpivot/backend/auth/service/AuthenticationService.java:[26,35] cannot find symbol
[ERROR]   symbol:   method getFirstname()
[ERROR]   location: variable request of type com.careerpivot.backend.auth.web.RegisterRequest
[ERROR] /C:/Users/33656/Documents/Workspace/CareerPivot/backend/src/main/java/com/careerpivot/backend/auth/service/AuthenticationService.java:[27,34] cannot find symbol
[ERROR]   symbol:   method getLastname()
[ERROR]   location: variable request of type com.careerpivot.backend.auth.web.RegisterRequest
[ERROR] /C:/Users/33656/Documents/Workspace/CareerPivot/backend/src/main/java/com/careerpivot/backend/auth/service/AuthenticationService.java:[28,31] cannot find symbol
[ERROR]   symbol:   method getEmail()
[ERROR]   location: variable request of type com.careerpivot.backend.auth.web.RegisterRequest
[ERROR] /C:/Users/33656/Documents/Workspace/CareerPivot/backend/src/main/java/com/careerpivot/backend/auth/service/AuthenticationService.java:[29,57] cannot find symbol
[ERROR]   symbol:   method getPassword()
[ERROR]   location: variable request of type com.careerpivot.backend.auth.web.RegisterRequest
[ERROR] /C:/Users/33656/Documents/Workspace/CareerPivot/backend/src/main/java/com/careerpivot/backend/auth/service/AuthenticationService.java:[34,38] cannot find symbol
[ERROR]   symbol:   method builder()
[ERROR]   location: class com.careerpivot.backend.auth.web.AuthenticationResponse
[ERROR] /C:/Users/33656/Documents/Workspace/CareerPivot/backend/src/main/java/com/careerpivot/backend/auth/service/AuthenticationService.java:[42,32] cannot find symbol
[ERROR]   symbol:   method getEmail()
[ERROR]   location: variable request of type com.careerpivot.backend.auth.web.AuthenticationRequest
[ERROR] /C:/Users/33656/Documents/Workspace/CareerPivot/backend/src/main/java/com/careerpivot/backend/auth/service/AuthenticationService.java:[43,32] cannot find symbol
[ERROR]   symbol:   method getPassword()
[ERROR]   location: variable request of type com.careerpivot.backend.auth.web.AuthenticationRequest
[ERROR] /C:/Users/33656/Documents/Workspace/CareerPivot/backend/src/main/java/com/careerpivot/backend/auth/service/AuthenticationService.java:[44,50] cannot find symbol
[ERROR]   symbol:   method getEmail()
[ERROR]   location: variable request of type com.careerpivot.backend.auth.web.AuthenticationRequest
[ERROR] /C:/Users/33656/Documents/Workspace/CareerPivot/backend/src/main/java/com/careerpivot/backend/auth/service/AuthenticationService.java:[47,38] cannot find symbol
[ERROR]   symbol:   method builder()
[ERROR]   location: class com.careerpivot.backend.auth.web.AuthenticationResponse
[ERROR] -> [Help 1]
[ERROR] 
[ERROR] To see the full stack trace of the errors, re-run Maven with the -e switch.
[ERROR] Re-run Maven using the -X switch to enable full debug logging.
[ERROR] 
[ERROR] For more information about the errors and possible solutions, please read the following articles:
[ERROR] [Help 1] http://cwiki.apache.org/confluence/display/MAVEN/MojoFailureException
